2025-10-11 17:46:48,137 INFO [launcher] -----------------------------------------------
2025-10-11 17:46:48,138 INFO [launcher] Start "cs.exe"
2025-10-11 17:46:48,138 INFO [launcher] Version: 2.3.6
2025-10-11 17:46:48,138 INFO [launcher] Finishing launcher update
2025-10-11 17:46:48,139 INFO [launcher] Finishing launcher update: nothing to do
2025-10-11 17:46:48,139 INFO [launcher] Branch: csrevo
2025-10-11 17:46:48,149 INFO [launcher] Start the Updater GUI App
2025-10-11 17:46:48,161 INFO [launcher] Requesting remote config from server
2025-10-11 17:46:48,497 INFO [launcher] Restoring from backup
2025-10-11 17:46:48,497 INFO [launcher]   nothing to do
2025-10-11 17:46:48,497 INFO [launcher] Clearing backup folder
2025-10-11 17:46:48,497 INFO [launcher] Requesting file list from server
2025-10-11 17:46:48,771 INFO [launcher] Gathering files that need to be updated
2025-10-11 17:46:48,773 INFO [launcher]   files to update:
2025-10-11 17:46:48,773 INFO [launcher]   valve\resource\valve_russian.txt
2025-10-11 17:46:48,773 INFO [launcher]   cstrike\gfx\vgui2\800cornerborder_half1.tga
2025-10-11 17:46:48,773 INFO [launcher]   FileSystem_Proxy.dll
2025-10-11 17:46:48,773 INFO [launcher]   valve\resource\gameui_english.txt
2025-10-11 17:46:48,773 INFO [launcher]   cstrike\dlls\mp.dll
2025-10-11 17:46:48,773 INFO [launcher]   cstrike\resource\OptionsSubMultiplayer.res
2025-10-11 17:46:48,773 INFO [launcher]   SDL2.dll
2025-10-11 17:46:48,773 INFO [launcher]   cstrike\resource\TrackerScheme.res
2025-10-11 17:46:48,773 INFO [launcher]   cstrike\gfx\shell\kb_act.lst
2025-10-11 17:46:48,773 INFO [launcher]   cstrike\cl_dlls\GameUI.dll
2025-10-11 17:46:48,773 INFO [launcher]   cstrike\gfx\vgui2\800cornerborder_half3.tga
2025-10-11 17:46:48,773 INFO [launcher]   cs_new.exe
2025-10-11 17:46:48,773 INFO [launcher]   nitro_api2.dll
2025-10-11 17:46:48,773 INFO [launcher]   cstrike\cl_dlls\client_mini.dll
2025-10-11 17:46:48,773 INFO [launcher]   valve\resource\valve_english.txt
2025-10-11 17:46:48,773 INFO [launcher]   cstrike\gfx\shell\kb_def.lst
2025-10-11 17:46:48,773 INFO [launcher]   cstrike\gfx\vgui2\800corner1.tga
2025-10-11 17:46:48,773 INFO [launcher]   cstrike\gfx\vgui2\800corner2.tga
2025-10-11 17:46:48,773 INFO [launcher]   cstrike\gfx\vgui2\800corner3.tga
2025-10-11 17:46:48,773 INFO [launcher]   valve\resource\valve_spanish.txt
2025-10-11 17:46:48,773 INFO [launcher]   cstrike\gfx\vgui2\800corner4.tga
2025-10-11 17:46:48,773 INFO [launcher]   cstrike\gfx\vgui2\800cornerborder1.tga
2025-10-11 17:46:48,773 INFO [launcher]   cstrike\gfx\vgui2\800cornerborder2.tga
2025-10-11 17:46:48,773 INFO [launcher]   cstrike\gfx\vgui2\800cornerborder3.tga
2025-10-11 17:46:48,773 INFO [launcher]   cstrike\resource\cstrike_spanish.txt
2025-10-11 17:46:48,773 INFO [launcher]   cstrike\gfx\vgui2\800cornerborder4.tga
2025-10-11 17:46:48,773 INFO [launcher]   cstrike\resource\schemes\TrackerScheme_Source.res
2025-10-11 17:46:48,773 INFO [launcher]   cstrike\gfx\vgui2\800cornerborder_half2.tga
2025-10-11 17:46:48,773 INFO [launcher]   cstrike\resource\MultiplayerAdvancedDialog.res
2025-10-11 17:46:48,773 INFO [launcher]   cstrike\gfx\vgui2\800cornerborder_half4.tga
2025-10-11 17:46:48,773 INFO [launcher]   cstrike\resource\OptionsSubVideo.res
2025-10-11 17:46:48,773 INFO [launcher]   cstrike\gfx\vgui2\logo_steam.tga
2025-10-11 17:46:48,773 INFO [launcher]   cstrike\resource\CreateMultiplayerGameBotPage.res
2025-10-11 17:46:48,773 INFO [launcher]   cstrike\resource\CreateMultiplayerGameServerPage.res
2025-10-11 17:46:48,773 INFO [launcher]   cstrike\resource\OptionsSubMiscellaneous.res
2025-10-11 17:46:48,773 INFO [launcher]   cstrike\resource\VideoAvancedDialog.res
2025-10-11 17:46:48,773 INFO [launcher]   cstrike\resource\cstrike_english.txt
2025-10-11 17:46:48,773 INFO [launcher]   cstrike\resource\nextclient_english.txt
2025-10-11 17:46:48,773 INFO [launcher]   cstrike\resource\cstrike_russian.txt
2025-10-11 17:46:48,773 INFO [launcher]   cstrike\resource\cstrike_ukrainian.txt
2025-10-11 17:46:48,773 INFO [launcher]   cstrike\resource\nextclient_russian.txt
2025-10-11 17:46:48,773 INFO [launcher]   valve\resource\gameui_russian.txt
2025-10-11 17:46:48,773 INFO [launcher]   cstrike\resource\nextclient_ukrainian.txt
2025-10-11 17:46:48,773 INFO [launcher]   cstrike\resource\schemes\TrackerScheme_ClassicPlus.res
2025-10-11 17:46:48,773 INFO [launcher]   cstrike\sprites\kill_rarity.spr
2025-10-11 17:46:48,773 INFO [launcher]   platform\servers\InternetGamesPage.res
2025-10-11 17:46:48,773 INFO [launcher]   next_engine_mini.dll
2025-10-11 17:46:48,773 INFO [launcher]   steam_api.dll
2025-10-11 17:46:48,773 INFO [launcher]   next_lib.dll
2025-10-11 17:46:48,773 INFO [launcher]   platform\servers\InternetGamesPage_Filters.res
2025-10-11 17:46:48,773 INFO [launcher]   platform\steam\steam_api.dll
2025-10-11 17:46:48,773 INFO [launcher]   valve\resource\gameui_spanish.txt
2025-10-11 17:46:48,773 INFO [launcher]   valve\resource\OptionsSubMouse.res
2025-10-11 17:46:48,773 INFO [launcher]   valve\resource\OptionsSubVideo.res
2025-10-11 17:46:48,773 INFO [launcher]   valve\resource\OptionsSubVoice.res
2025-10-11 17:46:48,773 INFO [launcher]   valve\resource\gameui_ukrainian.txt
2025-10-11 17:46:48,773 INFO [launcher]   valve\resource\valve_ukrainian.txt
2025-10-11 17:46:48,773 INFO [launcher] Creating a backup
2025-10-11 17:46:48,773 INFO [launcher] Opening files to install
2025-10-11 17:46:48,794 INFO [launcher] Downloading an update
2025-10-11 17:46:48,817 INFO [launcher] Make the updater window visible
2025-10-11 17:46:57,606 INFO [launcher] Installing an update
2025-10-11 17:46:57,627 INFO [launcher] Clearing backup folder
2025-10-11 17:46:57,726 INFO [launcher] Updater GUI App result: RunNewGame
2025-10-11 17:47:00,403 INFO [launcher] Exit
2025-10-11 17:47:49,613 INFO [launcher] -----------------------------------------------
2025-10-11 17:47:49,614 INFO [launcher] Start "cs.exe"
2025-10-11 17:47:49,614 INFO [launcher] Version: 2.3.6
2025-10-11 17:47:49,614 INFO [launcher] Finishing launcher update
2025-10-11 17:47:49,615 INFO [launcher] Finishing launcher update: done
2025-10-11 17:47:49,615 INFO [launcher] Branch: csrevo
2025-10-11 17:47:49,626 INFO [launcher] Start the Updater GUI App
2025-10-11 17:47:49,639 INFO [launcher] Requesting remote config from server
2025-10-11 17:47:49,899 INFO [launcher] Restoring from backup
2025-10-11 17:47:49,899 INFO [launcher]   nothing to do
2025-10-11 17:47:49,899 INFO [launcher] Clearing backup folder
2025-10-11 17:47:49,899 INFO [launcher] Requesting file list from server
2025-10-11 17:47:50,152 INFO [launcher] Gathering files that need to be updated
2025-10-11 17:47:50,231 INFO [launcher]   files to update:
2025-10-11 17:47:50,231 INFO [launcher]   cs_new.exe
2025-10-11 17:47:50,231 INFO [launcher] Creating a backup
2025-10-11 17:47:50,231 INFO [launcher] Opening files to install
2025-10-11 17:47:50,231 INFO [launcher] Downloading an update
2025-10-11 17:47:50,236 INFO [launcher] Make the updater window visible
2025-10-11 17:47:50,644 INFO [launcher] Installing an update
2025-10-11 17:47:50,645 INFO [launcher] Clearing backup folder
2025-10-11 17:47:50,666 INFO [launcher] Updater GUI App result: RunNewGame
2025-10-11 17:47:53,334 INFO [launcher] Exit
2025-10-11 17:48:03,582 INFO [launcher] -----------------------------------------------
2025-10-11 17:48:03,583 INFO [launcher] Start "cs.exe"
2025-10-11 17:48:03,583 INFO [launcher] Version: 2.3.6
2025-10-11 17:48:03,583 INFO [launcher] Finishing launcher update
2025-10-11 17:48:03,584 INFO [launcher] Finishing launcher update: done
2025-10-11 17:48:03,584 INFO [launcher] Branch: csrevo
2025-10-11 17:48:03,593 INFO [launcher] Start the Updater GUI App
2025-10-11 17:48:03,604 INFO [launcher] Requesting remote config from server
2025-10-11 17:48:03,858 INFO [launcher] Restoring from backup
2025-10-11 17:48:03,858 INFO [launcher]   nothing to do
2025-10-11 17:48:03,858 INFO [launcher] Clearing backup folder
2025-10-11 17:48:03,858 INFO [launcher] Requesting file list from server
2025-10-11 17:48:04,138 INFO [launcher] Gathering files that need to be updated
2025-10-11 17:48:04,206 INFO [launcher]   files to update:
2025-10-11 17:48:04,206 INFO [launcher]   cs_new.exe
2025-10-11 17:48:04,206 INFO [launcher] Creating a backup
2025-10-11 17:48:04,206 INFO [launcher] Opening files to install
2025-10-11 17:48:04,206 INFO [launcher] Downloading an update
2025-10-11 17:48:04,243 INFO [launcher] Make the updater window visible
2025-10-11 17:48:04,633 INFO [launcher] Installing an update
2025-10-11 17:48:04,635 INFO [launcher] Clearing backup folder
2025-10-11 17:48:04,658 INFO [launcher] Updater GUI App result: RunNewGame
2025-10-11 17:48:07,142 INFO [launcher] Exit
2025-10-11 17:48:27,907 INFO [launcher] -----------------------------------------------
2025-10-11 17:48:27,908 INFO [launcher] Start "cs.exe"
2025-10-11 17:48:27,908 INFO [launcher] Version: 2.3.6
2025-10-11 17:48:27,908 INFO [launcher] Finishing launcher update
2025-10-11 17:48:27,908 INFO [launcher] Finishing launcher update: nothing to do
2025-10-11 17:48:27,908 INFO [launcher] Branch: csrevo
2025-10-11 17:48:27,920 INFO [launcher] Start the Updater GUI App
2025-10-11 17:48:27,931 INFO [launcher] Requesting remote config from server
2025-10-11 17:48:28,269 INFO [launcher] Restoring from backup
2025-10-11 17:48:28,269 INFO [launcher]   nothing to do
2025-10-11 17:48:28,269 INFO [launcher] Clearing backup folder
2025-10-11 17:48:28,269 INFO [launcher] Requesting file list from server
2025-10-11 17:48:28,535 INFO [launcher] Gathering files that need to be updated
2025-10-11 17:48:28,555 INFO [launcher]   files to update:
2025-10-11 17:48:28,555 INFO [launcher]   FileSystem_Proxy.dll
2025-10-11 17:48:28,555 INFO [launcher]   SDL2.dll
2025-10-11 17:48:28,555 INFO [launcher]   cs_new.exe
2025-10-11 17:48:28,555 INFO [launcher]   next_engine_mini.dll
2025-10-11 17:48:28,555 INFO [launcher]   steam_api.dll
2025-10-11 17:48:28,555 INFO [launcher]   next_lib.dll
2025-10-11 17:48:28,555 INFO [launcher]   nitro_api2.dll
2025-10-11 17:48:28,555 INFO [launcher] Creating a backup
2025-10-11 17:48:28,555 INFO [launcher] Opening files to install
2025-10-11 17:48:28,557 INFO [launcher] Downloading an update
2025-10-11 17:48:28,574 INFO [launcher] Make the updater window visible
2025-10-11 17:48:31,781 INFO [launcher] Installing an update
2025-10-11 17:48:31,790 INFO [launcher] Clearing backup folder
2025-10-11 17:48:31,822 INFO [launcher] Updater GUI App result: RunNewGame
2025-10-11 17:48:33,527 INFO [launcher] Exit
2025-10-11 17:51:44,910 INFO [launcher] -----------------------------------------------
2025-10-11 17:51:44,911 INFO [launcher] Start "cs.exe"
2025-10-11 17:51:44,911 INFO [launcher] Version: 2.3.6
2025-10-11 17:51:44,912 INFO [launcher] Finishing launcher update
2025-10-11 17:51:44,912 INFO [launcher] Finishing launcher update: nothing to do
2025-10-11 17:51:44,912 INFO [launcher] Branch: csrevo
2025-10-11 17:51:44,921 INFO [launcher] Start the Updater GUI App
2025-10-11 17:51:44,933 INFO [launcher] Requesting remote config from server
2025-10-11 17:51:45,188 INFO [launcher] Restoring from backup
2025-10-11 17:51:45,188 INFO [launcher]   nothing to do
2025-10-11 17:51:45,188 INFO [launcher] Clearing backup folder
2025-10-11 17:51:45,188 INFO [launcher] Requesting file list from server
2025-10-11 17:51:45,458 INFO [launcher] Gathering files that need to be updated
2025-10-11 17:51:45,460 INFO [launcher]   files to update:
2025-10-11 17:51:45,460 INFO [launcher]   valve\resource\valve_russian.txt
2025-10-11 17:51:45,460 INFO [launcher]   cstrike\gfx\vgui2\800cornerborder_half1.tga
2025-10-11 17:51:45,460 INFO [launcher]   FileSystem_Proxy.dll
2025-10-11 17:51:45,460 INFO [launcher]   valve\resource\gameui_english.txt
2025-10-11 17:51:45,460 INFO [launcher]   cstrike\dlls\mp.dll
2025-10-11 17:51:45,460 INFO [launcher]   cstrike\resource\OptionsSubMultiplayer.res
2025-10-11 17:51:45,460 INFO [launcher]   SDL2.dll
2025-10-11 17:51:45,460 INFO [launcher]   cstrike\resource\TrackerScheme.res
2025-10-11 17:51:45,460 INFO [launcher]   cstrike\gfx\shell\kb_act.lst
2025-10-11 17:51:45,460 INFO [launcher]   cstrike\cl_dlls\GameUI.dll
2025-10-11 17:51:45,460 INFO [launcher]   cstrike\gfx\vgui2\800cornerborder_half3.tga
2025-10-11 17:51:45,460 INFO [launcher]   cs_new.exe
2025-10-11 17:51:45,460 INFO [launcher]   nitro_api2.dll
2025-10-11 17:51:45,460 INFO [launcher]   cstrike\cl_dlls\client_mini.dll
2025-10-11 17:51:45,460 INFO [launcher]   valve\resource\valve_english.txt
2025-10-11 17:51:45,460 INFO [launcher]   cstrike\gfx\shell\kb_def.lst
2025-10-11 17:51:45,460 INFO [launcher]   cstrike\gfx\vgui2\800corner1.tga
2025-10-11 17:51:45,460 INFO [launcher]   cstrike\gfx\vgui2\800corner2.tga
2025-10-11 17:51:45,460 INFO [launcher]   cstrike\gfx\vgui2\800corner3.tga
2025-10-11 17:51:45,460 INFO [launcher]   valve\resource\valve_spanish.txt
2025-10-11 17:51:45,460 INFO [launcher]   cstrike\gfx\vgui2\800corner4.tga
2025-10-11 17:51:45,460 INFO [launcher]   cstrike\gfx\vgui2\800cornerborder1.tga
2025-10-11 17:51:45,460 INFO [launcher]   cstrike\gfx\vgui2\800cornerborder2.tga
2025-10-11 17:51:45,460 INFO [launcher]   cstrike\gfx\vgui2\800cornerborder3.tga
2025-10-11 17:51:45,460 INFO [launcher]   cstrike\resource\cstrike_spanish.txt
2025-10-11 17:51:45,460 INFO [launcher]   cstrike\gfx\vgui2\800cornerborder4.tga
2025-10-11 17:51:45,460 INFO [launcher]   cstrike\resource\schemes\TrackerScheme_Source.res
2025-10-11 17:51:45,460 INFO [launcher]   cstrike\gfx\vgui2\800cornerborder_half2.tga
2025-10-11 17:51:45,460 INFO [launcher]   cstrike\resource\MultiplayerAdvancedDialog.res
2025-10-11 17:51:45,460 INFO [launcher]   cstrike\gfx\vgui2\800cornerborder_half4.tga
2025-10-11 17:51:45,460 INFO [launcher]   cstrike\resource\OptionsSubVideo.res
2025-10-11 17:51:45,460 INFO [launcher]   cstrike\gfx\vgui2\logo_steam.tga
2025-10-11 17:51:45,460 INFO [launcher]   cstrike\resource\CreateMultiplayerGameBotPage.res
2025-10-11 17:51:45,460 INFO [launcher]   cstrike\resource\CreateMultiplayerGameServerPage.res
2025-10-11 17:51:45,460 INFO [launcher]   cstrike\resource\OptionsSubMiscellaneous.res
2025-10-11 17:51:45,460 INFO [launcher]   cstrike\resource\VideoAvancedDialog.res
2025-10-11 17:51:45,460 INFO [launcher]   cstrike\resource\cstrike_english.txt
2025-10-11 17:51:45,460 INFO [launcher]   cstrike\resource\nextclient_english.txt
2025-10-11 17:51:45,460 INFO [launcher]   cstrike\resource\cstrike_russian.txt
2025-10-11 17:51:45,460 INFO [launcher]   cstrike\resource\cstrike_ukrainian.txt
2025-10-11 17:51:45,460 INFO [launcher]   cstrike\resource\nextclient_russian.txt
2025-10-11 17:51:45,460 INFO [launcher]   valve\resource\gameui_russian.txt
2025-10-11 17:51:45,460 INFO [launcher]   cstrike\resource\nextclient_ukrainian.txt
2025-10-11 17:51:45,460 INFO [launcher]   cstrike\resource\schemes\TrackerScheme_ClassicPlus.res
2025-10-11 17:51:45,460 INFO [launcher]   cstrike\sprites\kill_rarity.spr
2025-10-11 17:51:45,460 INFO [launcher]   platform\servers\InternetGamesPage.res
2025-10-11 17:51:45,460 INFO [launcher]   next_engine_mini.dll
2025-10-11 17:51:45,460 INFO [launcher]   steam_api.dll
2025-10-11 17:51:45,460 INFO [launcher]   next_lib.dll
2025-10-11 17:51:45,460 INFO [launcher]   platform\servers\InternetGamesPage_Filters.res
2025-10-11 17:51:45,460 INFO [launcher]   platform\steam\steam_api.dll
2025-10-11 17:51:45,460 INFO [launcher]   valve\resource\gameui_spanish.txt
2025-10-11 17:51:45,460 INFO [launcher]   valve\resource\OptionsSubMouse.res
2025-10-11 17:51:45,460 INFO [launcher]   valve\resource\OptionsSubVideo.res
2025-10-11 17:51:45,460 INFO [launcher]   valve\resource\OptionsSubVoice.res
2025-10-11 17:51:45,460 INFO [launcher]   valve\resource\gameui_ukrainian.txt
2025-10-11 17:51:45,460 INFO [launcher]   valve\resource\valve_ukrainian.txt
2025-10-11 17:51:45,460 INFO [launcher] Creating a backup
2025-10-11 17:51:45,460 INFO [launcher] Opening files to install
2025-10-11 17:51:45,481 INFO [launcher] Downloading an update
2025-10-11 17:51:45,507 INFO [launcher] Make the updater window visible
2025-10-11 17:51:54,165 INFO [launcher] Installing an update
2025-10-11 17:51:54,185 INFO [launcher] Clearing backup folder
2025-10-11 17:51:54,256 INFO [launcher] Updater GUI App result: RunNewGame
2025-10-11 17:51:57,046 INFO [launcher] Exit
